[ERROR] 2018-08-03 14:37:16 [mimo_thread_8] c.m.channel.nio.AbstractNioChannel - read error
java.io.IOException: 远程主机强迫关闭了一个现有的连接。
	at sun.nio.ch.SocketDispatcher.read0(Native Method)
	at sun.nio.ch.SocketDispatcher.read(SocketDispatcher.java:43)
	at sun.nio.ch.IOUtil.readIntoNativeBuffer(IOUtil.java:223)
	at sun.nio.ch.IOUtil.read(IOUtil.java:192)
	at sun.nio.ch.SocketChannelImpl.read(SocketChannelImpl.java:380)
	at com.mimo.channel.nio.AbstractNioChannel.read(AbstractNioChannel.java:133)
	at com.mimo.channel.nio.NioRunLoop.processSelectedKey(NioRunLoop.java:124)
	at com.mimo.channel.nio.NioRunLoop.processSelectionKeys(NioRunLoop.java:101)
	at com.mimo.channel.nio.NioRunLoop.run(NioRunLoop.java:64)
	at com.mimo.concurrent.SingleThreadPreExecutor$1.run(SingleThreadPreExecutor.java:18)
	at java.lang.Thread.run(Thread.java:748)
[ERROR] 2018-08-03 16:30:09 [mimo_thread_8] c.m.channel.nio.AbstractNioChannel - read error
java.io.IOException: 远程主机强迫关闭了一个现有的连接。
	at sun.nio.ch.SocketDispatcher.read0(Native Method)
	at sun.nio.ch.SocketDispatcher.read(SocketDispatcher.java:43)
	at sun.nio.ch.IOUtil.readIntoNativeBuffer(IOUtil.java:223)
	at sun.nio.ch.IOUtil.read(IOUtil.java:192)
	at sun.nio.ch.SocketChannelImpl.read(SocketChannelImpl.java:380)
	at com.mimo.channel.nio.AbstractNioChannel.read(AbstractNioChannel.java:145)
	at com.mimo.channel.nio.NioRunLoop.processSelectedKey(NioRunLoop.java:140)
	at com.mimo.channel.nio.NioRunLoop.processSelectedKeysPlain(NioRunLoop.java:117)
	at com.mimo.channel.nio.NioRunLoop.processSelectedKeys(NioRunLoop.java:100)
	at com.mimo.channel.nio.NioRunLoop.run(NioRunLoop.java:71)
	at com.mimo.concurrent.SingleThreadPreExecutor$1.run(SingleThreadPreExecutor.java:18)
	at java.lang.Thread.run(Thread.java:748)
