[ERROR] 2018-07-26 10:29:26 [mimo_thread_2] c.m.channel.nio.AbstractNioChannel - read error
java.io.IOException: 远程主机强迫关闭了一个现有的连接。
	at sun.nio.ch.SocketDispatcher.read0(Native Method)
	at sun.nio.ch.SocketDispatcher.read(SocketDispatcher.java:43)
	at sun.nio.ch.IOUtil.readIntoNativeBuffer(IOUtil.java:223)
	at sun.nio.ch.IOUtil.read(IOUtil.java:192)
	at sun.nio.ch.SocketChannelImpl.read(SocketChannelImpl.java:380)
	at com.mimo.channel.nio.AbstractNioChannel.read(AbstractNioChannel.java:105)
	at com.mimo.channel.nio.NioRunLoop.processSelectedKey(NioRunLoop.java:125)
	at com.mimo.channel.nio.NioRunLoop.processSelectionKeys(NioRunLoop.java:101)
	at com.mimo.channel.nio.NioRunLoop.run(NioRunLoop.java:63)
	at com.mimo.concurrent.SingleThreadPreExecutor$1.run(SingleThreadPreExecutor.java:18)
	at java.lang.Thread.run(Thread.java:748)
[ERROR] 2018-07-26 10:29:47 [mimo_thread_2] c.m.channel.nio.AbstractNioChannel - read error
java.io.IOException: 远程主机强迫关闭了一个现有的连接。
	at sun.nio.ch.SocketDispatcher.read0(Native Method)
	at sun.nio.ch.SocketDispatcher.read(SocketDispatcher.java:43)
	at sun.nio.ch.IOUtil.readIntoNativeBuffer(IOUtil.java:223)
	at sun.nio.ch.IOUtil.read(IOUtil.java:192)
	at sun.nio.ch.SocketChannelImpl.read(SocketChannelImpl.java:380)
	at com.mimo.channel.nio.AbstractNioChannel.read(AbstractNioChannel.java:105)
	at com.mimo.channel.nio.NioRunLoop.processSelectedKey(NioRunLoop.java:125)
	at com.mimo.channel.nio.NioRunLoop.processSelectionKeys(NioRunLoop.java:101)
	at com.mimo.channel.nio.NioRunLoop.run(NioRunLoop.java:63)
	at com.mimo.concurrent.SingleThreadPreExecutor$1.run(SingleThreadPreExecutor.java:18)
	at java.lang.Thread.run(Thread.java:748)
[ERROR] 2018-07-26 12:52:07 [mimo_thread_2] c.m.channel.nio.AbstractNioChannel - read error
java.io.IOException: 远程主机强迫关闭了一个现有的连接。
	at sun.nio.ch.SocketDispatcher.read0(Native Method)
	at sun.nio.ch.SocketDispatcher.read(SocketDispatcher.java:43)
	at sun.nio.ch.IOUtil.readIntoNativeBuffer(IOUtil.java:223)
	at sun.nio.ch.IOUtil.read(IOUtil.java:192)
	at sun.nio.ch.SocketChannelImpl.read(SocketChannelImpl.java:380)
	at com.mimo.channel.nio.AbstractNioChannel.read(AbstractNioChannel.java:105)
	at com.mimo.channel.nio.NioRunLoop.processSelectedKey(NioRunLoop.java:128)
	at com.mimo.channel.nio.NioRunLoop.processSelectionKeys(NioRunLoop.java:104)
	at com.mimo.channel.nio.NioRunLoop.run(NioRunLoop.java:65)
	at com.mimo.concurrent.SingleThreadPreExecutor$1.run(SingleThreadPreExecutor.java:18)
	at java.lang.Thread.run(Thread.java:748)
[ERROR] 2018-07-26 12:52:54 [mimo_thread_2] c.m.channel.nio.AbstractNioChannel - read error
java.io.IOException: 远程主机强迫关闭了一个现有的连接。
	at sun.nio.ch.SocketDispatcher.read0(Native Method)
	at sun.nio.ch.SocketDispatcher.read(SocketDispatcher.java:43)
	at sun.nio.ch.IOUtil.readIntoNativeBuffer(IOUtil.java:223)
	at sun.nio.ch.IOUtil.read(IOUtil.java:192)
	at sun.nio.ch.SocketChannelImpl.read(SocketChannelImpl.java:380)
	at com.mimo.channel.nio.AbstractNioChannel.read(AbstractNioChannel.java:105)
	at com.mimo.channel.nio.NioRunLoop.processSelectedKey(NioRunLoop.java:128)
	at com.mimo.channel.nio.NioRunLoop.processSelectionKeys(NioRunLoop.java:104)
	at com.mimo.channel.nio.NioRunLoop.run(NioRunLoop.java:65)
	at com.mimo.concurrent.SingleThreadPreExecutor$1.run(SingleThreadPreExecutor.java:18)
	at java.lang.Thread.run(Thread.java:748)
[ERROR] 2018-07-26 14:59:17 [mimo_thread_2] c.m.channel.nio.AbstractNioChannel - read error
java.io.IOException: 远程主机强迫关闭了一个现有的连接。
	at sun.nio.ch.SocketDispatcher.read0(Native Method)
	at sun.nio.ch.SocketDispatcher.read(SocketDispatcher.java:43)
	at sun.nio.ch.IOUtil.readIntoNativeBuffer(IOUtil.java:223)
	at sun.nio.ch.IOUtil.read(IOUtil.java:192)
	at sun.nio.ch.SocketChannelImpl.read(SocketChannelImpl.java:380)
	at com.mimo.channel.nio.AbstractNioChannel.read(AbstractNioChannel.java:105)
	at com.mimo.channel.nio.NioRunLoop.processSelectedKey(NioRunLoop.java:128)
	at com.mimo.channel.nio.NioRunLoop.processSelectionKeys(NioRunLoop.java:104)
	at com.mimo.channel.nio.NioRunLoop.run(NioRunLoop.java:67)
	at com.mimo.concurrent.SingleThreadPreExecutor$1.run(SingleThreadPreExecutor.java:18)
	at java.lang.Thread.run(Thread.java:748)
