[DEBUG] 2018-07-24 17:06:34 [run_loop_1] com.mimo.channel.nio.NioRunLoop - NioRunLoop register error
java.nio.channels.IllegalBlockingModeException: null
	at java.nio.channels.spi.AbstractSelectableChannel.register(AbstractSelectableChannel.java:201)
	at com.mimo.channel.nio.AbstractNioChannel.register(AbstractNioChannel.java:46)
	at com.mimo.channel.nio.NioRunLoop.register(NioRunLoop.java:43)
	at com.mimo.channel.nio.NioRunLoopGroup.register(NioRunLoopGroup.java:51)
	at com.mimo.bootstrap.AbstractBootstrap$1.run(AbstractBootstrap.java:35)
	at com.mimo.channel.nio.NioRunLoop.runAllTasks(NioRunLoop.java:111)
	at com.mimo.channel.nio.NioRunLoop.run(NioRunLoop.java:60)
	at com.mimo.concurrent.SingleThreadPreExecutor$1.run(SingleThreadPreExecutor.java:18)
	at java.lang.Thread.run(Thread.java:748)
[DEBUG] 2018-07-24 17:06:34 [run_loop_1] com.mimo.channel.nio.NioRunLoop - NioRunLoop register error
java.nio.channels.IllegalBlockingModeException: null
	at java.nio.channels.spi.AbstractSelectableChannel.register(AbstractSelectableChannel.java:201)
	at com.mimo.channel.nio.AbstractNioChannel.register(AbstractNioChannel.java:46)
	at com.mimo.channel.nio.NioRunLoop.register(NioRunLoop.java:43)
	at com.mimo.channel.nio.NioRunLoopGroup.register(NioRunLoopGroup.java:51)
	at com.mimo.bootstrap.AbstractBootstrap$1.run(AbstractBootstrap.java:35)
	at com.mimo.channel.nio.NioRunLoop.runAllTasks(NioRunLoop.java:111)
	at com.mimo.channel.nio.NioRunLoop.run(NioRunLoop.java:60)
	at com.mimo.concurrent.SingleThreadPreExecutor$1.run(SingleThreadPreExecutor.java:18)
	at java.lang.Thread.run(Thread.java:748)
[DEBUG] 2018-07-24 17:09:01 [run_loop_0] com.mimo.channel.nio.NioRunLoop - NioRunLoop register error
java.nio.channels.IllegalBlockingModeException: null
	at java.nio.channels.spi.AbstractSelectableChannel.register(AbstractSelectableChannel.java:201)
	at com.mimo.channel.nio.AbstractNioChannel.register(AbstractNioChannel.java:46)
	at com.mimo.channel.nio.NioRunLoop.register(NioRunLoop.java:43)
	at com.mimo.channel.nio.NioRunLoopGroup.register(NioRunLoopGroup.java:51)
	at com.mimo.bootstrap.AbstractBootstrap$1.run(AbstractBootstrap.java:35)
	at com.mimo.channel.nio.NioRunLoop.runAllTasks(NioRunLoop.java:111)
	at com.mimo.channel.nio.NioRunLoop.run(NioRunLoop.java:60)
	at com.mimo.concurrent.SingleThreadPreExecutor$1.run(SingleThreadPreExecutor.java:18)
	at java.lang.Thread.run(Thread.java:748)
[DEBUG] 2018-07-24 17:09:01 [run_loop_0] com.mimo.channel.nio.NioRunLoop - NioRunLoop register error
java.nio.channels.IllegalBlockingModeException: null
	at java.nio.channels.spi.AbstractSelectableChannel.register(AbstractSelectableChannel.java:201)
	at com.mimo.channel.nio.AbstractNioChannel.register(AbstractNioChannel.java:46)
	at com.mimo.channel.nio.NioRunLoop.register(NioRunLoop.java:43)
	at com.mimo.channel.nio.NioRunLoopGroup.register(NioRunLoopGroup.java:51)
	at com.mimo.bootstrap.AbstractBootstrap$1.run(AbstractBootstrap.java:35)
	at com.mimo.channel.nio.NioRunLoop.runAllTasks(NioRunLoop.java:111)
	at com.mimo.channel.nio.NioRunLoop.run(NioRunLoop.java:60)
	at com.mimo.concurrent.SingleThreadPreExecutor$1.run(SingleThreadPreExecutor.java:18)
	at java.lang.Thread.run(Thread.java:748)
[DEBUG] 2018-07-24 18:28:45 [run_loop_1] c.m.channel.nio.AbstractNioChannel - NioServerSocketChannel : connect success
[DEBUG] 2018-07-24 18:29:55 [run_loop_0] c.m.channel.nio.AbstractNioChannel - NioServerSocketChannel : connect success
[DEBUG] 2018-07-24 18:30:18 [run_loop_0] c.m.channel.nio.AbstractNioChannel - NioSocketChannel : connect success
[DEBUG] 2018-07-24 18:30:51 [run_loop_1] c.m.channel.nio.AbstractNioChannel - NioSocketChannel : connect success
