[ERROR] 2018-08-08 16:03:08 [mimo_thread_8] c.m.channel.nio.AbstractNioChannel - read error
java.io.IOException: 远程主机强迫关闭了一个现有的连接。
	at sun.nio.ch.SocketDispatcher.read0(Native Method)
	at sun.nio.ch.SocketDispatcher.read(SocketDispatcher.java:43)
	at sun.nio.ch.IOUtil.readIntoNativeBuffer(IOUtil.java:223)
	at sun.nio.ch.IOUtil.read(IOUtil.java:192)
	at sun.nio.ch.SocketChannelImpl.read(SocketChannelImpl.java:380)
	at com.mimo.channel.nio.AbstractNioChannel.read(AbstractNioChannel.java:108)
	at com.mimo.channel.nio.NioRunLoop.processSelectedKey(NioRunLoop.java:133)
	at com.mimo.channel.nio.NioRunLoop.processSelectedKeysPlain(NioRunLoop.java:110)
	at com.mimo.channel.nio.NioRunLoop.processSelectedKeys(NioRunLoop.java:93)
	at com.mimo.channel.nio.NioRunLoop.run(NioRunLoop.java:64)
	at com.mimo.concurrent.SingleThreadPreExecutor$1.run(SingleThreadPreExecutor.java:18)
	at java.lang.Thread.run(Thread.java:748)
[ERROR] 2018-08-08 16:06:14 [mimo_thread_2] c.m.channel.nio.AbstractNioChannel - read error
java.io.IOException: 远程主机强迫关闭了一个现有的连接。
	at sun.nio.ch.SocketDispatcher.read0(Native Method)
	at sun.nio.ch.SocketDispatcher.read(SocketDispatcher.java:43)
	at sun.nio.ch.IOUtil.readIntoNativeBuffer(IOUtil.java:223)
	at sun.nio.ch.IOUtil.read(IOUtil.java:192)
	at sun.nio.ch.SocketChannelImpl.read(SocketChannelImpl.java:380)
	at com.mimo.channel.nio.AbstractNioChannel.read(AbstractNioChannel.java:108)
	at com.mimo.channel.nio.NioRunLoop.processSelectedKey(NioRunLoop.java:133)
	at com.mimo.channel.nio.NioRunLoop.processSelectedKeysPlain(NioRunLoop.java:110)
	at com.mimo.channel.nio.NioRunLoop.processSelectedKeys(NioRunLoop.java:93)
	at com.mimo.channel.nio.NioRunLoop.run(NioRunLoop.java:64)
	at com.mimo.concurrent.SingleThreadPreExecutor$1.run(SingleThreadPreExecutor.java:18)
	at java.lang.Thread.run(Thread.java:748)
[ERROR] 2018-08-08 16:08:10 [mimo_thread_2] c.m.channel.nio.AbstractNioChannel - read error
java.io.IOException: 远程主机强迫关闭了一个现有的连接。
	at sun.nio.ch.SocketDispatcher.read0(Native Method)
	at sun.nio.ch.SocketDispatcher.read(SocketDispatcher.java:43)
	at sun.nio.ch.IOUtil.readIntoNativeBuffer(IOUtil.java:223)
	at sun.nio.ch.IOUtil.read(IOUtil.java:192)
	at sun.nio.ch.SocketChannelImpl.read(SocketChannelImpl.java:380)
	at com.mimo.channel.nio.AbstractNioChannel.read(AbstractNioChannel.java:108)
	at com.mimo.channel.nio.NioRunLoop.processSelectedKey(NioRunLoop.java:133)
	at com.mimo.channel.nio.NioRunLoop.processSelectedKeysPlain(NioRunLoop.java:110)
	at com.mimo.channel.nio.NioRunLoop.processSelectedKeys(NioRunLoop.java:93)
	at com.mimo.channel.nio.NioRunLoop.run(NioRunLoop.java:64)
	at com.mimo.concurrent.SingleThreadPreExecutor$1.run(SingleThreadPreExecutor.java:18)
	at java.lang.Thread.run(Thread.java:748)
