[ERROR] 2018-08-10 11:21:07 [mimo_thread_8] c.m.channel.nio.AbstractNioChannel - read error
java.io.IOException: 远程主机强迫关闭了一个现有的连接。
	at sun.nio.ch.SocketDispatcher.read0(Native Method)
	at sun.nio.ch.SocketDispatcher.read(SocketDispatcher.java:43)
	at sun.nio.ch.IOUtil.readIntoNativeBuffer(IOUtil.java:223)
	at sun.nio.ch.IOUtil.read(IOUtil.java:192)
	at sun.nio.ch.SocketChannelImpl.read(SocketChannelImpl.java:380)
	at com.mimo.channel.nio.AbstractNioChannel.read(AbstractNioChannel.java:118)
	at com.mimo.channel.nio.NioRunLoop.processSelectedKey(NioRunLoop.java:133)
	at com.mimo.channel.nio.NioRunLoop.processSelectedKeysPlain(NioRunLoop.java:110)
	at com.mimo.channel.nio.NioRunLoop.processSelectedKeys(NioRunLoop.java:93)
	at com.mimo.channel.nio.NioRunLoop.run(NioRunLoop.java:64)
	at com.mimo.concurrent.SingleThreadPreExecutor$1.run(SingleThreadPreExecutor.java:18)
	at java.lang.Thread.run(Thread.java:748)
[ERROR] 2018-08-10 11:22:43 [mimo_thread_8] c.m.channel.nio.AbstractNioChannel - read error
java.io.IOException: 远程主机强迫关闭了一个现有的连接。
	at sun.nio.ch.SocketDispatcher.read0(Native Method)
	at sun.nio.ch.SocketDispatcher.read(SocketDispatcher.java:43)
	at sun.nio.ch.IOUtil.readIntoNativeBuffer(IOUtil.java:223)
	at sun.nio.ch.IOUtil.read(IOUtil.java:192)
	at sun.nio.ch.SocketChannelImpl.read(SocketChannelImpl.java:380)
	at com.mimo.channel.nio.AbstractNioChannel.read(AbstractNioChannel.java:118)
	at com.mimo.channel.nio.NioRunLoop.processSelectedKey(NioRunLoop.java:133)
	at com.mimo.channel.nio.NioRunLoop.processSelectedKeysPlain(NioRunLoop.java:110)
	at com.mimo.channel.nio.NioRunLoop.processSelectedKeys(NioRunLoop.java:93)
	at com.mimo.channel.nio.NioRunLoop.run(NioRunLoop.java:64)
	at com.mimo.concurrent.SingleThreadPreExecutor$1.run(SingleThreadPreExecutor.java:18)
	at java.lang.Thread.run(Thread.java:748)
[ERROR] 2018-08-10 11:23:56 [mimo_thread_2] c.m.channel.nio.AbstractNioChannel - read error
java.io.IOException: 远程主机强迫关闭了一个现有的连接。
	at sun.nio.ch.SocketDispatcher.read0(Native Method)
	at sun.nio.ch.SocketDispatcher.read(SocketDispatcher.java:43)
	at sun.nio.ch.IOUtil.readIntoNativeBuffer(IOUtil.java:223)
	at sun.nio.ch.IOUtil.read(IOUtil.java:192)
	at sun.nio.ch.SocketChannelImpl.read(SocketChannelImpl.java:380)
	at com.mimo.channel.nio.AbstractNioChannel.read(AbstractNioChannel.java:118)
	at com.mimo.channel.nio.NioRunLoop.processSelectedKey(NioRunLoop.java:133)
	at com.mimo.channel.nio.NioRunLoop.processSelectedKeysPlain(NioRunLoop.java:110)
	at com.mimo.channel.nio.NioRunLoop.processSelectedKeys(NioRunLoop.java:93)
	at com.mimo.channel.nio.NioRunLoop.run(NioRunLoop.java:64)
	at com.mimo.concurrent.SingleThreadPreExecutor$1.run(SingleThreadPreExecutor.java:18)
	at java.lang.Thread.run(Thread.java:748)
[ERROR] 2018-08-10 11:28:06 [mimo_thread_8] c.m.channel.nio.AbstractNioChannel - read error
java.io.IOException: 远程主机强迫关闭了一个现有的连接。
	at sun.nio.ch.SocketDispatcher.read0(Native Method)
	at sun.nio.ch.SocketDispatcher.read(SocketDispatcher.java:43)
	at sun.nio.ch.IOUtil.readIntoNativeBuffer(IOUtil.java:223)
	at sun.nio.ch.IOUtil.read(IOUtil.java:192)
	at sun.nio.ch.SocketChannelImpl.read(SocketChannelImpl.java:380)
	at com.mimo.channel.nio.AbstractNioChannel.read(AbstractNioChannel.java:118)
	at com.mimo.channel.nio.NioRunLoop.processSelectedKey(NioRunLoop.java:133)
	at com.mimo.channel.nio.NioRunLoop.processSelectedKeysPlain(NioRunLoop.java:110)
	at com.mimo.channel.nio.NioRunLoop.processSelectedKeys(NioRunLoop.java:93)
	at com.mimo.channel.nio.NioRunLoop.run(NioRunLoop.java:64)
	at com.mimo.concurrent.SingleThreadPreExecutor$1.run(SingleThreadPreExecutor.java:18)
	at java.lang.Thread.run(Thread.java:748)
[ERROR] 2018-08-10 11:30:16 [mimo_thread_2] c.m.channel.nio.AbstractNioChannel - read error
java.io.IOException: 远程主机强迫关闭了一个现有的连接。
	at sun.nio.ch.SocketDispatcher.read0(Native Method)
	at sun.nio.ch.SocketDispatcher.read(SocketDispatcher.java:43)
	at sun.nio.ch.IOUtil.readIntoNativeBuffer(IOUtil.java:223)
	at sun.nio.ch.IOUtil.read(IOUtil.java:192)
	at sun.nio.ch.SocketChannelImpl.read(SocketChannelImpl.java:380)
	at com.mimo.channel.nio.AbstractNioChannel.read(AbstractNioChannel.java:118)
	at com.mimo.channel.nio.NioRunLoop.processSelectedKey(NioRunLoop.java:133)
	at com.mimo.channel.nio.NioRunLoop.processSelectedKeysPlain(NioRunLoop.java:110)
	at com.mimo.channel.nio.NioRunLoop.processSelectedKeys(NioRunLoop.java:93)
	at com.mimo.channel.nio.NioRunLoop.run(NioRunLoop.java:64)
	at com.mimo.concurrent.SingleThreadPreExecutor$1.run(SingleThreadPreExecutor.java:18)
	at java.lang.Thread.run(Thread.java:748)
[ERROR] 2018-08-10 11:35:12 [mimo_thread_2] c.m.channel.nio.AbstractNioChannel - read error
java.io.IOException: 远程主机强迫关闭了一个现有的连接。
	at sun.nio.ch.SocketDispatcher.read0(Native Method)
	at sun.nio.ch.SocketDispatcher.read(SocketDispatcher.java:43)
	at sun.nio.ch.IOUtil.readIntoNativeBuffer(IOUtil.java:223)
	at sun.nio.ch.IOUtil.read(IOUtil.java:192)
	at sun.nio.ch.SocketChannelImpl.read(SocketChannelImpl.java:380)
	at com.mimo.channel.nio.AbstractNioChannel.read(AbstractNioChannel.java:118)
	at com.mimo.channel.nio.NioRunLoop.processSelectedKey(NioRunLoop.java:133)
	at com.mimo.channel.nio.NioRunLoop.processSelectedKeysPlain(NioRunLoop.java:110)
	at com.mimo.channel.nio.NioRunLoop.processSelectedKeys(NioRunLoop.java:93)
	at com.mimo.channel.nio.NioRunLoop.run(NioRunLoop.java:64)
	at com.mimo.concurrent.SingleThreadPreExecutor$1.run(SingleThreadPreExecutor.java:18)
	at java.lang.Thread.run(Thread.java:748)
[ERROR] 2018-08-10 11:36:13 [mimo_thread_8] c.m.channel.nio.AbstractNioChannel - read error
java.io.IOException: 远程主机强迫关闭了一个现有的连接。
	at sun.nio.ch.SocketDispatcher.read0(Native Method)
	at sun.nio.ch.SocketDispatcher.read(SocketDispatcher.java:43)
	at sun.nio.ch.IOUtil.readIntoNativeBuffer(IOUtil.java:223)
	at sun.nio.ch.IOUtil.read(IOUtil.java:192)
	at sun.nio.ch.SocketChannelImpl.read(SocketChannelImpl.java:380)
	at com.mimo.channel.nio.AbstractNioChannel.read(AbstractNioChannel.java:118)
	at com.mimo.channel.nio.NioRunLoop.processSelectedKey(NioRunLoop.java:133)
	at com.mimo.channel.nio.NioRunLoop.processSelectedKeysPlain(NioRunLoop.java:110)
	at com.mimo.channel.nio.NioRunLoop.processSelectedKeys(NioRunLoop.java:93)
	at com.mimo.channel.nio.NioRunLoop.run(NioRunLoop.java:64)
	at com.mimo.concurrent.SingleThreadPreExecutor$1.run(SingleThreadPreExecutor.java:18)
	at java.lang.Thread.run(Thread.java:748)
[ERROR] 2018-08-10 11:37:14 [mimo_thread_8] c.m.channel.nio.AbstractNioChannel - read error
java.nio.BufferOverflowException: null
	at java.nio.HeapByteBuffer.put(HeapByteBuffer.java:214)
	at com.mimo.channel.nio.AbstractNioChannel.read(AbstractNioChannel.java:125)
	at com.mimo.channel.nio.NioRunLoop.processSelectedKey(NioRunLoop.java:133)
	at com.mimo.channel.nio.NioRunLoop.processSelectedKeysPlain(NioRunLoop.java:110)
	at com.mimo.channel.nio.NioRunLoop.processSelectedKeys(NioRunLoop.java:93)
	at com.mimo.channel.nio.NioRunLoop.run(NioRunLoop.java:64)
	at com.mimo.concurrent.SingleThreadPreExecutor$1.run(SingleThreadPreExecutor.java:18)
	at java.lang.Thread.run(Thread.java:748)
[ERROR] 2018-08-10 13:28:09 [mimo_thread_8] c.m.channel.nio.AbstractNioChannel - read error
java.io.IOException: 远程主机强迫关闭了一个现有的连接。
	at sun.nio.ch.SocketDispatcher.read0(Native Method)
	at sun.nio.ch.SocketDispatcher.read(SocketDispatcher.java:43)
	at sun.nio.ch.IOUtil.readIntoNativeBuffer(IOUtil.java:223)
	at sun.nio.ch.IOUtil.read(IOUtil.java:192)
	at sun.nio.ch.SocketChannelImpl.read(SocketChannelImpl.java:380)
	at com.mimo.channel.nio.AbstractNioChannel.read(AbstractNioChannel.java:117)
	at com.mimo.channel.nio.NioRunLoop.processSelectedKey(NioRunLoop.java:133)
	at com.mimo.channel.nio.NioRunLoop.processSelectedKeysPlain(NioRunLoop.java:110)
	at com.mimo.channel.nio.NioRunLoop.processSelectedKeys(NioRunLoop.java:93)
	at com.mimo.channel.nio.NioRunLoop.run(NioRunLoop.java:64)
	at com.mimo.concurrent.SingleThreadPreExecutor$1.run(SingleThreadPreExecutor.java:18)
	at java.lang.Thread.run(Thread.java:748)
[ERROR] 2018-08-10 13:32:20 [mimo_thread_2] c.m.channel.nio.AbstractNioChannel - read error
java.io.IOException: 远程主机强迫关闭了一个现有的连接。
	at sun.nio.ch.SocketDispatcher.read0(Native Method)
	at sun.nio.ch.SocketDispatcher.read(SocketDispatcher.java:43)
	at sun.nio.ch.IOUtil.readIntoNativeBuffer(IOUtil.java:223)
	at sun.nio.ch.IOUtil.read(IOUtil.java:192)
	at sun.nio.ch.SocketChannelImpl.read(SocketChannelImpl.java:380)
	at com.mimo.channel.nio.AbstractNioChannel.read(AbstractNioChannel.java:117)
	at com.mimo.channel.nio.NioRunLoop.processSelectedKey(NioRunLoop.java:133)
	at com.mimo.channel.nio.NioRunLoop.processSelectedKeysPlain(NioRunLoop.java:110)
	at com.mimo.channel.nio.NioRunLoop.processSelectedKeys(NioRunLoop.java:93)
	at com.mimo.channel.nio.NioRunLoop.run(NioRunLoop.java:64)
	at com.mimo.concurrent.SingleThreadPreExecutor$1.run(SingleThreadPreExecutor.java:18)
	at java.lang.Thread.run(Thread.java:748)
[ERROR] 2018-08-10 13:37:30 [mimo_thread_2] c.m.channel.nio.AbstractNioChannel - read error
java.io.IOException: 远程主机强迫关闭了一个现有的连接。
	at sun.nio.ch.SocketDispatcher.read0(Native Method)
	at sun.nio.ch.SocketDispatcher.read(SocketDispatcher.java:43)
	at sun.nio.ch.IOUtil.readIntoNativeBuffer(IOUtil.java:223)
	at sun.nio.ch.IOUtil.read(IOUtil.java:192)
	at sun.nio.ch.SocketChannelImpl.read(SocketChannelImpl.java:380)
	at com.mimo.channel.nio.AbstractNioChannel.read(AbstractNioChannel.java:117)
	at com.mimo.channel.nio.NioRunLoop.processSelectedKey(NioRunLoop.java:133)
	at com.mimo.channel.nio.NioRunLoop.processSelectedKeysPlain(NioRunLoop.java:110)
	at com.mimo.channel.nio.NioRunLoop.processSelectedKeys(NioRunLoop.java:93)
	at com.mimo.channel.nio.NioRunLoop.run(NioRunLoop.java:64)
	at com.mimo.concurrent.SingleThreadPreExecutor$1.run(SingleThreadPreExecutor.java:18)
	at java.lang.Thread.run(Thread.java:748)
[ERROR] 2018-08-10 13:47:12 [mimo_thread_8] c.m.channel.nio.AbstractNioChannel - read error
java.io.IOException: 远程主机强迫关闭了一个现有的连接。
	at sun.nio.ch.SocketDispatcher.read0(Native Method)
	at sun.nio.ch.SocketDispatcher.read(SocketDispatcher.java:43)
	at sun.nio.ch.IOUtil.readIntoNativeBuffer(IOUtil.java:223)
	at sun.nio.ch.IOUtil.read(IOUtil.java:192)
	at sun.nio.ch.SocketChannelImpl.read(SocketChannelImpl.java:380)
	at com.mimo.channel.nio.AbstractNioChannel.read(AbstractNioChannel.java:124)
	at com.mimo.channel.nio.NioRunLoop.processSelectedKey(NioRunLoop.java:133)
	at com.mimo.channel.nio.NioRunLoop.processSelectedKeysPlain(NioRunLoop.java:110)
	at com.mimo.channel.nio.NioRunLoop.processSelectedKeys(NioRunLoop.java:93)
	at com.mimo.channel.nio.NioRunLoop.run(NioRunLoop.java:64)
	at com.mimo.concurrent.SingleThreadPreExecutor$1.run(SingleThreadPreExecutor.java:18)
	at java.lang.Thread.run(Thread.java:748)
